<?xml version="1.0" encoding="UTF-8"?>
<testsuite name="test.TimeLoggerTest" tests="4" skipped="0" failures="0" errors="0" timestamp="2017-01-03T13:15:49" hostname="deb4precog" time="0.014">
  <properties/>
  <testcase name="SameSumTest" classname="test.TimeLoggerTest" time="0.009"/>
  <testcase name="NotNewMonthTest" classname="test.TimeLoggerTest" time="0.0"/>
  <testcase name="IsNewMonthTest" classname="test.TimeLoggerTest" time="0.001"/>
  <testcase name="IsNewMonthTest2" classname="test.TimeLoggerTest" time="0.0"/>
  <system-out><![CDATA[]]></system-out>
  <system-err><![CDATA[Jan 03, 2017 2:15:49 PM com.kovacskornel.tlog16rs.resources.TimeLogger addMonth
INFO: Successfully added a WorkMonth
Jan 03, 2017 2:15:49 PM com.kovacskornel.tlog16rs.resources.TimeLogger addMonth
INFO: Successfully added a WorkMonth
Jan 03, 2017 2:15:49 PM com.kovacskornel.tlog16rs.resources.TimeLogger addMonth
INFO: Successfully added a WorkMonth
Jan 03, 2017 2:15:49 PM com.kovacskornel.tlog16rs.resources.TimeLogger addMonth
INFO: Successfully added a WorkMonth
]]></system-err>
</testsuite>
