<?xml version="1.0" encoding="UTF-8"?>
<testsuite name="com.kovacskornel.tlog16rs.resources.TestEntityTest" tests="4" skipped="0" failures="0" errors="0" timestamp="2016-12-23T10:26:39" hostname="deb4precog" time="0.002">
  <properties/>
  <testcase name="testGetText" classname="com.kovacskornel.tlog16rs.resources.TestEntityTest" time="0.001"/>
  <testcase name="testGetId" classname="com.kovacskornel.tlog16rs.resources.TestEntityTest" time="0.0"/>
  <testcase name="testSetText" classname="com.kovacskornel.tlog16rs.resources.TestEntityTest" time="0.001"/>
  <testcase name="testSetId" classname="com.kovacskornel.tlog16rs.resources.TestEntityTest" time="0.0"/>
  <system-out><![CDATA[getText
getId
setText
setId
]]></system-out>
  <system-err><![CDATA[]]></system-err>
</testsuite>
