<?xml version="1.0" encoding="UTF-8"?>
<testsuite name="test.TaskTest" tests="20" skipped="0" failures="0" errors="0" timestamp="2017-01-02T13:57:57" hostname="deb4precog" time="0.01">
  <properties/>
  <testcase name="Multiple" classname="test.TaskTest" time="0.003"/>
  <testcase name="isEmptyTimeFieldTest" classname="test.TaskTest" time="0.001"/>
  <testcase name="isGetMinPerTaskOK" classname="test.TaskTest" time="0.0"/>
  <testcase name="isValidRedmineTask" classname="test.TaskTest" time="0.0"/>
  <testcase name="isInValidRedmineTask" classname="test.TaskTest" time="0.0"/>
  <testcase name="NoRedmineTaskIDtest" classname="test.TaskTest" time="0.0"/>
  <testcase name="testIsValidTaskID" classname="test.TaskTest" time="0.0"/>
  <testcase name="testIsInvalidLTTaskID" classname="test.TaskTest" time="0.0"/>
  <testcase name="NoLTTaskIDtest" classname="test.TaskTest" time="0.0"/>
  <testcase name="testIsValidTestID" classname="test.TaskTest" time="0.0"/>
  <testcase name="testIsInvalidTaskID" classname="test.TaskTest" time="0.0"/>
  <testcase name="NoTaskIDValidTask" classname="test.TaskTest" time="0.0"/>
  <testcase name="testValidMultipleQuarter" classname="test.TaskTest" time="0.0"/>
  <testcase name="testInvalidMultipleQuarter" classname="test.TaskTest" time="0.0"/>
  <testcase name="NoTaskIDgetTask_id" classname="test.TaskTest" time="0.0"/>
  <testcase name="NoCommentTest" classname="test.TaskTest" time="0.001"/>
  <testcase name="InvalidTaskIDEx" classname="test.TaskTest" time="0.0"/>
  <testcase name="NoTaskIDEx" classname="test.TaskTest" time="0.0"/>
  <testcase name="StrToLclTm" classname="test.TaskTest" time="0.0"/>
  <testcase name="isWrongTimeOrderTest" classname="test.TaskTest" time="0.0"/>
  <system-out><![CDATA[]]></system-out>
  <system-err><![CDATA[]]></system-err>
</testsuite>
