<?xml version="1.0" encoding="UTF-8"?>
<testsuite name="test.TimeLoggerTest" tests="4" skipped="0" failures="0" errors="0" timestamp="2017-01-02T08:51:06" hostname="deb4precog" time="0.003">
  <properties/>
  <testcase name="SameSumTest" classname="test.TimeLoggerTest" time="0.002"/>
  <testcase name="NotNewMonthTest" classname="test.TimeLoggerTest" time="0.0"/>
  <testcase name="IsNewMonthTest" classname="test.TimeLoggerTest" time="0.0"/>
  <testcase name="IsNewMonthTest2" classname="test.TimeLoggerTest" time="0.001"/>
  <system-out><![CDATA[Successfully added a WorkMonth
Successfully added a WorkMonth
Successfully added a WorkMonth
Successfully added a WorkMonth
]]></system-out>
  <system-err><![CDATA[]]></system-err>
</testsuite>
