<?xml version="1.0" encoding="UTF-8"?>
<testsuite name="test.WorkDayTest" tests="21" skipped="0" failures="0" errors="0" timestamp="2017-01-03T13:15:49" hostname="deb4precog" time="0.054">
  <properties/>
  <testcase name="FutureWork2" classname="test.WorkDayTest" time="0.048"/>
  <testcase name="sumOfTwo" classname="test.WorkDayTest" time="0.001"/>
  <testcase name="sumOfZero" classname="test.WorkDayTest" time="0.0"/>
  <testcase name="equalTest" classname="test.WorkDayTest" time="0.0"/>
  <testcase name="NotQuarterTest" classname="test.WorkDayTest" time="0.0"/>
  <testcase name="NotWeekendTest" classname="test.WorkDayTest" time="0.0"/>
  <testcase name="WeekendTest" classname="test.WorkDayTest" time="0.0"/>
  <testcase name="LastTaskTest" classname="test.WorkDayTest" time="0.0"/>
  <testcase name="LastTaskTest2" classname="test.WorkDayTest" time="0.0"/>
  <testcase name="SepTest1" classname="test.WorkDayTest" time="0.0"/>
  <testcase name="SepTest2" classname="test.WorkDayTest" time="0.0"/>
  <testcase name="SepTest3" classname="test.WorkDayTest" time="0.001"/>
  <testcase name="SepTest4" classname="test.WorkDayTest" time="0.0"/>
  <testcase name="SepTest5" classname="test.WorkDayTest" time="0.0"/>
  <testcase name="getExtraTest" classname="test.WorkDayTest" time="0.0"/>
  <testcase name="getExtraTest2" classname="test.WorkDayTest" time="0.0"/>
  <testcase name="getExtraTest3" classname="test.WorkDayTest" time="0.0"/>
  <testcase name="getExtraTest4" classname="test.WorkDayTest" time="0.0"/>
  <testcase name="NegativeTest" classname="test.WorkDayTest" time="0.0"/>
  <testcase name="NegativeTest2" classname="test.WorkDayTest" time="0.0"/>
  <testcase name="FutureWork" classname="test.WorkDayTest" time="0.0"/>
  <system-out><![CDATA[]]></system-out>
  <system-err><![CDATA[]]></system-err>
</testsuite>
